\BOOKMARK [1][-]{section.1}{Introduction}{}% 1
\BOOKMARK [1][-]{section.2}{Model}{}% 2
\BOOKMARK [2][-]{subsection.2.1}{Model set up}{section.2}% 3
\BOOKMARK [2][-]{subsection.2.2}{Labor Supply}{section.2}% 4
\BOOKMARK [2][-]{subsection.2.3}{Timing}{section.2}% 5
\BOOKMARK [2][-]{subsection.2.4}{Discussion}{section.2}% 6
\BOOKMARK [2][-]{subsection.2.5}{Household}{section.2}% 7
\BOOKMARK [2][-]{subsection.2.6}{Firms}{section.2}% 8
\BOOKMARK [2][-]{subsection.2.7}{Definition of equilibrium}{section.2}% 9
\BOOKMARK [1][-]{section.3}{Classifying workers and jobs}{}% 10
\BOOKMARK [2][-]{subsection.3.1}{Assigning workers to worker types and jobs to markets}{section.3}% 11
\BOOKMARK [2][-]{subsection.3.2}{Visual intuition of the BiSBM}{section.3}% 12
\BOOKMARK [2][-]{subsection.3.3}{Discussion}{section.3}% 13
\BOOKMARK [1][-]{section.4}{Temp: stuff to keep from the old MLE section that I moved to appendix}{}% 14
\BOOKMARK [1][-]{section.5}{Data}{}% 15
\BOOKMARK [2][-]{subsection.5.1}{Summary statistics}{section.5}% 16
\BOOKMARK [1][-]{section.6}{Descriptive results}{}% 17
\BOOKMARK [2][-]{subsection.6.1}{What does success look like?}{section.6}% 18
\BOOKMARK [2][-]{subsection.6.2}{Occupation count tables}{section.6}% 19
\BOOKMARK [2][-]{subsection.6.3}{Worker type skill correlations}{section.6}% 20
\BOOKMARK [2][-]{subsection.6.4}{Worker types' labor market concentration}{section.6}% 21
\BOOKMARK [2][-]{subsection.6.5}{Predicting out-of-sample job-to-job flows}{section.6}% 22
\BOOKMARK [1][-]{section.7}{General equilibrium effects of Rio de Janeiro Olympics}{}% 23
\BOOKMARK [1][-]{section.8}{Reduced form estimation of labor market shocks}{}% 24
\BOOKMARK [2][-]{subsection.8.1}{Analysis of the 2016 Rio de Janeiro Olympics}{section.8}% 25
\BOOKMARK [2][-]{subsection.8.2}{Reduced form analysis using simulated data}{section.8}% 26
\BOOKMARK [2][-]{subsection.8.3}{Simulating many shocks}{section.8}% 27
\BOOKMARK [2][-]{subsection.8.4}{Case study of shock to the ``Accommodations and Food'' sector}{section.8}% 28
\BOOKMARK [1][-]{section.9}{Conclusion}{}% 29
\BOOKMARK [1][-]{appendix.A}{Adding geography}{}% 30
\BOOKMARK [1][-]{appendix.B}{Network theory details}{}% 31
\BOOKMARK [2][-]{subsection.B.1}{A primer on networks}{appendix.B}% 32
\BOOKMARK [2][-]{subsection.B.2}{Bipartite Network Details}{appendix.B}% 33
\BOOKMARK [2][-]{subsection.B.3}{Stochastic block model details}{appendix.B}% 34
\BOOKMARK [2][-]{subsection.B.4}{Community detection using the stochastic block model}{appendix.B}% 35
\BOOKMARK [2][-]{subsection.B.5}{Bipartite stochastic block model details}{appendix.B}% 36
\BOOKMARK [2][-]{subsection.B.6}{Visual representation of linked employer-employee data as a network}{appendix.B}% 37
\BOOKMARK [1][-]{appendix.C}{Estimating labor supply parameters}{}% 38
\BOOKMARK [2][-]{subsection.C.1}{Estimating \040from observed matches}{appendix.C}% 39
\BOOKMARK [2][-]{subsection.C.2}{Additional parameters to be estimated or calibrated}{appendix.C}% 40
\BOOKMARK [1][-]{appendix.D}{Model Solution Appendix}{}% 41
\BOOKMARK [1][-]{appendix.E}{Choosing number of worker types and markets}{}% 42
\BOOKMARK [1][-]{appendix.F}{Identification of Labor Supply Parameters}{}% 43
\BOOKMARK [2][-]{subsection.F.1}{}{appendix.F}% 44
\BOOKMARK [2][-]{subsection.F.2}{}{appendix.F}% 45
\BOOKMARK [2][-]{subsection.F.3}{}{appendix.F}% 46
\BOOKMARK [2][-]{subsection.F.4}{}{appendix.F}% 47
\BOOKMARK [2][-]{subsection.F.5}{}{appendix.F}% 48
\BOOKMARK [1][-]{appendix.G}{Measurement error}{}% 49
\BOOKMARK [1][-]{appendix.H}{Proof that Aij follows a Poisson distribution}{}% 50
\BOOKMARK [1][-]{appendix.I}{Worker and firm fixed effects}{}% 51
